<?xml version="1.0" encoding="UTF-8"?>
<testng-results ignored="0" total="1" passed="1" failed="0" skipped="0">
  <reporter-output>
  </reporter-output>
  <suite started-at="2026-08-26T21:34:31 IST" name="Default suite" finished-at="2026-08-26T21:35:16 IST" duration-ms="45360">
    <groups>
    </groups>
    <test started-at="2026-08-26T21:34:31 IST" name="Default test" finished-at="2026-08-26T21:35:16 IST" duration-ms="45360">
      <class name="framework.TestCases.ECommerce2">
        <test-method is-config="true" signature="launchingBrowser()[pri:0, instance:framework.TestCases.ECommerce2@73a1e9a9]" started-at="2026-08-26T21:34:31 IST" name="launchingBrowser" finished-at="2026-08-26T21:35:08 IST" duration-ms="36812" status="PASS">
          <reporter-output>
          </reporter-output>
        </test-method> <!-- launchingBrowser -->
        <test-method signature="submitOrder()[pri:0, instance:framework.TestCases.ECommerce2@73a1e9a9]" started-at="2026-08-26T21:35:08 IST" name="submitOrder" finished-at="2026-08-26T21:35:16 IST" duration-ms="7904" status="PASS">
          <reporter-output>
          </reporter-output>
        </test-method> <!-- submitOrder -->
        <test-method is-config="true" signature="clossingSession()[pri:0, instance:framework.TestCases.ECommerce2@73a1e9a9]" started-at="2026-08-26T21:35:16 IST" name="clossingSession" finished-at="2026-08-26T21:35:16 IST" duration-ms="599" status="PASS">
          <reporter-output>
          </reporter-output>
        </test-method> <!-- clossingSession -->
      </class> <!-- framework.TestCases.ECommerce2 -->
    </test> <!-- Default test -->
  </suite> <!-- Default suite -->
</testng-results>
